-------------------------------------------------------------------------------
Test set: testRunner.TestRun
-------------------------------------------------------------------------------
Tests run: 6, Failures: 1, Errors: 0, Skipped: 0, Time elapsed: 286.034 s <<< FAILURE! - in testRunner.TestRun
Search Customer by Name(Customers)  Time elapsed: 23.693 s  <<< FAILURE!
java.lang.AssertionError: expected:<true> but was:<false>

